生成启动时间为 2017/1/11 星期三 10:27:43。
     1>项目“D:\0_CAD\UG\0_Project\BHRT\Code\Integrated\Integrated\Integrated.vcxproj”在节点 2 上(build 个目标)。
     1>InitializeBuildStatus:
         正在创建“Debug\Integrated.unsuccessfulbuild”，因为已指定“AlwaysCreate”。
       ClCompile:
         D:\Program Files (x86)\Microsoft Visual Studio 10.0\VC\bin\CL.exe /c /I"D:\Program Files (x86)\Siemens\NX 8.5\ugopen" /I"D:\Program Files (x86)\Siemens\NX 8.5\ugopenpp" /ZI /nologo /W3 /WX- /Od /Oy- /D WIN32 /D _SECURE_SCL=0 /D _USRDLL /D _WINDLL /D _UNICODE /D UNICODE /D _AFXDLL /Gm /EHsc /RTC1 /MD /GS /fp:precise /Zc:wchar_t /Zc:forScope /GR /Fo"Debug\\" /Fd"Debug\vc100.pdb" /Gd /TP /analyze- /errorReport:prompt ManiDlg.cpp
         ManiDlg.cpp
     1>d:\0_cad\ug\0_project\bhrt\code\integrated\integrated\manidlg.hpp(61): warning C4251: “ManiDlg::ZF”: class“std::basic_string<_Elem,_Traits,_Ax>”需要有 dll 接口由 class“ManiDlg”的客户端使用
                 with
                 [
                     _Elem=char,
                     _Traits=std::char_traits<char>,
                     _Ax=std::allocator<char>
                 ]
     1>d:\0_cad\ug\0_project\bhrt\code\integrated\integrated\manidlg.hpp(62): warning C4251: “ManiDlg::SR”: class“std::basic_string<_Elem,_Traits,_Ax>”需要有 dll 接口由 class“ManiDlg”的客户端使用
                 with
                 [
                     _Elem=char,
                     _Traits=std::char_traits<char>,
                     _Ax=std::allocator<char>
                 ]
     1>d:\0_cad\ug\0_project\bhrt\code\integrated\integrated\manidlg.cpp(37): warning C4101: “ex”: 未引用的局部变量
       Link:
         D:\Program Files (x86)\Microsoft Visual Studio 10.0\VC\bin\link.exe /ERRORREPORT:PROMPT /OUT:"D:\0_CAD\UG\0_Project\BHRT\Code\Integrated\Debug\/Integrated.dll" /INCREMENTAL /NOLOGO /LIBPATH:"D:\Program Files (x86)\Siemens\NX 8.5\ugopen" libufun.lib libugopenint.lib libnxopencpp.lib libnxopenuicpp.lib libnxopencpp_annotations.lib libnxopencpp_assemblies.lib libnxopencpp_bodydes.lib libnxopencpp_cae.lib libnxopencpp_cam.lib libnxopencpp_die.lib libnxopencpp_display.lib libnxopencpp_drafting.lib libnxopencpp_drawings.lib libnxopencpp_facet.lib libnxopencpp_features.lib libnxopencpp_fields.lib libnxopencpp_formboard.lib libnxopencpp_gateway.lib libnxopencpp_geometricanalysis.lib libnxopencpp_geometricutilities.lib libnxopencpp_issue.lib libnxopencpp_layer.lib libnxopencpp_mechatronics.lib libnxopencpp_modldirect.lib libnxopencpp_motion.lib libnxopencpp_optimization.lib libnxopencpp_options.lib libnxopencpp_pdm.lib libnxopencpp_physmat.lib libnxopencpp_positioning.lib libnxopencpp_preferences.lib libnxopencpp_routing.lib libnxopencpp_shapesearch.lib libnxopencpp_sheetmetal.lib libnxopencpp_sim.lib libnxopencpp_tooling.lib libnxopencpp_userdefinedobjects.lib libnxopencpp_validate.lib libnxopencpp_visualreporting.lib libnxopencpp_weld.lib libopenpp.lib libopenintpp.lib libvmathpp.lib /MANIFEST /ManifestFile:"Debug\Integrated.dll.intermediate.manifest" /MANIFESTUAC:"level='asInvoker' uiAccess='false'" /DEBUG /PDB:"D:\0_CAD\UG\0_Project\BHRT\Code\Integrated\Debug\Integrated.pdb" /SUBSYSTEM:CONSOLE /LARGEADDRESSAWARE /TLBID:1 /DYNAMICBASE /NXCOMPAT /IMPLIB:"D:\0_CAD\UG\0_Project\BHRT\Code\Integrated\Debug\/Integrated.lib" /MACHINE:X86 /DLL Debug\ADOConn.obj
         Debug\NXFunction.obj
         Debug\Heater.obj
         Debug\InletBushing.obj
         Debug\Integrated.obj
         Debug\ManiDlg.obj
         Debug\Manifold.obj
         Debug\Nozzle.obj
         Debug\RunnerInsert.obj
         Debug\WireFrame.obj
         Integrated.vcxproj -> D:\0_CAD\UG\0_Project\BHRT\Code\Integrated\Debug\Integrated.dll
       Manifest:
         C:\Program Files (x86)\Microsoft SDKs\Windows\v7.0A\bin\mt.exe /nologo /verbose /out:"D:\0_CAD\UG\0_Project\BHRT\Code\Integrated\Debug\Integrated.dll.manifest" /manifest Debug\Integrated.dll.intermediate.manifest "D:\Program Files (x86)\Microsoft Visual Studio 10.0\VC\Include\Manifest\dpiaware.manifest"
       PostBuildEvent:
         Description: 复制到Application
         xcopy D:\0_CAD\UG\0_Project\BHRT\Code\Integrated\Debug\Integrated.dll D:\0_CAD\UG\0_Project\BHRT\Application /Y  /K
         :VCEnd
         D:\0_CAD\UG\0_Project\BHRT\Code\Integrated\Debug\Integrated.dll
         复制了 1 个文件
       FinalizeBuildStatus:
         正在删除文件“Debug\Integrated.unsuccessfulbuild”。
         正在对“Debug\Integrated.lastbuildstate”执行 Touch 任务。
     1>已完成生成项目“D:\0_CAD\UG\0_Project\BHRT\Code\Integrated\Integrated\Integrated.vcxproj”(build 个目标)的操作。

生成成功。

已用时间 00:00:02.09
